<?xml version="1.0" encoding="UTF-8"?>
<testsuite xmlns:xsi="http://www.w3.org/2001/XMLSchema-instance" xsi:noNamespaceSchemaLocation="https://maven.apache.org/surefire/maven-surefire-plugin/xsd/surefire-test-report-3.0.xsd" version="3.0" name="TestSuite" time="44.655" tests="1" errors="0" skipped="0" failures="0">
  <properties>
[...]
</properties>
  <testcase name="testEasy" classname="example.NewTest" time="37.293">
    <system-err><![CDATA[1603966762908	geckodriver	INFO	Listening on 127.0.0.1:16884
1603966763582	mozrunner::runner	INFO	Running command: "C:\\Program Files\\Mozilla Firefox\\firefox.exe" "--marionette" "-foreground" "-no-remote" "-profile" "C:\\Users\\CPL\\AppData\\Local\\Temp\\rust_mozprofileG0UmkW"
Can't find symbol 'eglSwapBuffersWithDamageEXT'.
JavaScript error: resource://gre/modules/XULStore.jsm, line 66: Error: Can't find profile directory.
console.warn: SearchSettings: "get: No settings file exists, new profile?" (new Error("", "(unknown module)"))
1603966766319	Marionette	INFO	Listening on port 55820
1603966766718	Marionette	WARN	TLS certificate errors will be ignored for this session
Oct 29, 2020 1:19:26 PM org.openqa.selenium.remote.ProtocolHandshake createSession
INFO: Detected dialect: W3C
JavaScript error: http://dnn506yrbagrg.cloudfront.net/pages/scripts/0022/4249.js?445546, line 1: SyntaxError: expected expression, got '<'
]]></system-err>
  </testcase>
</testsuite>